*** Date: 15-09-2015 and Time:13-30-54.83 *** 
******************************************** 
grunt@0.4.5 node_modules\grunt
├── dateformat@1.0.2-1.2.3
├── which@1.0.9
├── eventemitter2@0.4.14
├── getobject@0.1.0
├── colors@0.6.2
├── rimraf@2.2.8
├── async@0.1.22
├── grunt-legacy-util@0.2.0
├── hooker@0.2.3
├── exit@0.1.2
├── nopt@1.0.10 (abbrev@1.0.7)
├── minimatch@0.2.14 (sigmund@1.0.1, lru-cache@2.7.0)
├── glob@3.1.21 (inherits@1.0.2, graceful-fs@1.2.3)
├── lodash@0.9.2
├── coffee-script@1.3.3
├── underscore.string@2.2.1
├── iconv-lite@0.2.11
├── findup-sync@0.1.3 (glob@3.2.11, lodash@2.4.2)
├── grunt-legacy-log@0.1.2 (grunt-legacy-log-utils@0.1.1, underscore.string@2.3.3, lodash@2.4.2)
└── js-yaml@2.0.5 (esprima@1.0.4, argparse@0.1.16)
grunt-processhtml@0.3.3 node_modules\grunt-processhtml
└── htmlprocessor@0.1.10 (lodash@2.4.2)
grunt-contrib-htmlmin@0.3.0 node_modules\grunt-contrib-htmlmin
├── pretty-bytes@0.1.2
├── chalk@0.4.0 (has-color@0.1.7, ansi-styles@1.0.0, strip-ansi@0.1.1)
└── html-minifier@0.6.9 (relateurl@0.2.6, change-case@2.1.6, clean-css@2.2.23, cli@0.6.6, uglify-js@2.4.24)
grunt-contrib-copy@0.7.0 node_modules\grunt-contrib-copy
└── chalk@0.5.1 (ansi-styles@1.1.0, escape-string-regexp@1.0.3, supports-color@0.2.0, strip-ansi@0.3.0, has-ansi@0.1.0)
grunt-contrib-cssmin@0.10.0 node_modules\grunt-contrib-cssmin
├── chalk@0.4.0 (has-color@0.1.7, ansi-styles@1.0.0, strip-ansi@0.1.1)
├── clean-css@2.2.23 (commander@2.2.0)
└── maxmin@0.2.2 (figures@1.3.5, pretty-bytes@0.1.2, chalk@0.5.1, gzip-size@0.2.0)
grunt-contrib-clean@0.6.0 node_modules\grunt-contrib-clean
└── rimraf@2.2.8
grunt-contrib-uglify@0.6.0 node_modules\grunt-contrib-uglify
├── uri-path@0.0.2
├── chalk@0.5.1 (ansi-styles@1.1.0, escape-string-regexp@1.0.3, supports-color@0.2.0, strip-ansi@0.3.0, has-ansi@0.1.0)
├── lodash@2.4.2
├── maxmin@1.1.0 (figures@1.3.5, chalk@1.1.1, gzip-size@1.0.0, pretty-bytes@1.0.4)
└── uglify-js@2.4.24 (uglify-to-browserify@1.0.2, async@0.2.10, yargs@3.5.4, source-map@0.1.34)
grunt-contrib-concat@0.5.0 node_modules\grunt-contrib-concat
├── source-map@0.1.43 (amdefine@1.0.0)
└── chalk@0.5.1 (ansi-styles@1.1.0, escape-string-regexp@1.0.3, supports-color@0.2.0, has-ansi@0.1.0, strip-ansi@0.3.0)
grunt-contrib-compress@0.12.0 node_modules\grunt-contrib-compress
├── prettysize@0.0.3
├── chalk@0.5.1 (ansi-styles@1.1.0, escape-string-regexp@1.0.3, supports-color@0.2.0, has-ansi@0.1.0, strip-ansi@0.3.0)
└── archiver@0.11.0 (buffer-crc32@0.2.5, lazystream@0.1.0, async@0.9.2, lodash@2.4.2, readable-stream@1.0.33, glob@3.2.11, zip-stream@0.4.1, tar-stream@0.4.7)
grunt-string-replace@1.0.0 node_modules\grunt-string-replace
├── async@0.9.2
└── chalk@0.5.1 (ansi-styles@1.1.0, escape-string-regexp@1.0.3, supports-color@0.2.0, has-ansi@0.1.0, strip-ansi@0.3.0)
